<?xml version="1.0" encoding="UTF-8"?>
<testng-results ignored="0" total="6" passed="6" failed="0" skipped="0">
  <reporter-output>
  </reporter-output>
  <suite started-at="2024-07-30T07:48:05 IST" name="Suite" finished-at="2024-07-30T07:49:10 IST" duration-ms="64806">
    <groups>
    </groups>
    <test started-at="2024-07-30T07:48:05 IST" name="Test" finished-at="2024-07-30T07:49:10 IST" duration-ms="64806">
      <class name="testNG.TestClass4">
        <test-method is-config="true" signature="invokeBrowser()[pri:0, instance:testNG.TestClass4@478190fc]" started-at="2024-07-30T07:47:51 IST" name="invokeBrowser" finished-at="2024-07-30T07:48:05 IST" duration-ms="13847" status="PASS">
          <reporter-output>
          </reporter-output>
        </test-method> <!-- invokeBrowser -->
        <test-method signature="searchValidation()[pri:0, instance:testNG.TestClass4@478190fc]" started-at="2024-07-30T07:48:05 IST" name="searchValidation" finished-at="2024-07-30T07:49:10 IST" duration-ms="64772" status="PASS">
          <reporter-output>
          </reporter-output>
        </test-method> <!-- searchValidation -->
        <test-method is-config="true" signature="tearDown()[pri:0, instance:testNG.TestClass4@478190fc]" started-at="2024-07-30T07:49:10 IST" name="tearDown" finished-at="2024-07-30T07:49:11 IST" duration-ms="205" status="PASS">
          <reporter-output>
          </reporter-output>
        </test-method> <!-- tearDown -->
      </class> <!-- testNG.TestClass4 -->
      <class name="testNG.TestClass3">
        <test-method is-config="true" signature="invokeBrowser()[pri:0, instance:testNG.TestClass3@38c6f217]" started-at="2024-07-30T07:47:36 IST" name="invokeBrowser" finished-at="2024-07-30T07:47:51 IST" duration-ms="15578" status="PASS">
          <reporter-output>
          </reporter-output>
        </test-method> <!-- invokeBrowser -->
        <test-method signature="invalidLoginValidation()[pri:0, instance:testNG.TestClass3@38c6f217]" started-at="2024-07-30T07:48:05 IST" name="invalidLoginValidation" finished-at="2024-07-30T07:48:16 IST" duration-ms="10542" status="PASS">
          <reporter-output>
          </reporter-output>
        </test-method> <!-- invalidLoginValidation -->
        <test-method is-config="true" signature="tearDown()[pri:0, instance:testNG.TestClass3@38c6f217]" started-at="2024-07-30T07:49:10 IST" name="tearDown" finished-at="2024-07-30T07:49:10 IST" duration-ms="157" status="PASS">
          <reporter-output>
          </reporter-output>
        </test-method> <!-- tearDown -->
      </class> <!-- testNG.TestClass3 -->
      <class name="testNG.TestClass2">
        <test-method is-config="true" signature="invokeBrowser()[pri:0, instance:testNG.TestClass2@399f45b1]" started-at="2024-07-30T07:47:26 IST" name="invokeBrowser" finished-at="2024-07-30T07:47:36 IST" duration-ms="9463" status="PASS">
          <reporter-output>
          </reporter-output>
        </test-method> <!-- invokeBrowser -->
        <test-method signature="paymoduleValidation()[pri:0, instance:testNG.TestClass2@399f45b1]" started-at="2024-07-30T07:48:05 IST" name="paymoduleValidation" finished-at="2024-07-30T07:48:12 IST" duration-ms="6804" status="PASS">
          <reporter-output>
          </reporter-output>
        </test-method> <!-- paymoduleValidation -->
        <test-method signature="wishlistValidation()[pri:0, instance:testNG.TestClass2@399f45b1]" started-at="2024-07-30T07:48:12 IST" name="wishlistValidation" finished-at="2024-07-30T07:48:20 IST" duration-ms="8142" status="PASS">
          <reporter-output>
          </reporter-output>
        </test-method> <!-- wishlistValidation -->
        <test-method is-config="true" signature="tearDown()[pri:0, instance:testNG.TestClass2@399f45b1]" started-at="2024-07-30T07:49:10 IST" name="tearDown" finished-at="2024-07-30T07:49:10 IST" duration-ms="154" status="PASS">
          <reporter-output>
          </reporter-output>
        </test-method> <!-- tearDown -->
      </class> <!-- testNG.TestClass2 -->
      <class name="testNG.TestClass1">
        <test-method is-config="true" signature="invokeBrowser()[pri:0, instance:testNG.TestClass1@6c64cb25]" started-at="2024-07-30T07:47:18 IST" name="invokeBrowser" finished-at="2024-07-30T07:47:26 IST" duration-ms="7838" status="PASS">
          <reporter-output>
          </reporter-output>
        </test-method> <!-- invokeBrowser -->
        <test-method signature="titleValidation()[pri:0, instance:testNG.TestClass1@6c64cb25]" started-at="2024-07-30T07:48:05 IST" name="titleValidation" finished-at="2024-07-30T07:48:05 IST" duration-ms="34" status="PASS">
          <reporter-output>
          </reporter-output>
        </test-method> <!-- titleValidation -->
        <test-method signature="urlValidation()[pri:0, instance:testNG.TestClass1@6c64cb25]" started-at="2024-07-30T07:48:05 IST" name="urlValidation" finished-at="2024-07-30T07:48:05 IST" duration-ms="58" status="PASS">
          <reporter-output>
          </reporter-output>
        </test-method> <!-- urlValidation -->
        <test-method is-config="true" signature="tearDown()[pri:0, instance:testNG.TestClass1@6c64cb25]" started-at="2024-07-30T07:49:10 IST" name="tearDown" finished-at="2024-07-30T07:49:10 IST" duration-ms="185" status="PASS">
          <reporter-output>
          </reporter-output>
        </test-method> <!-- tearDown -->
      </class> <!-- testNG.TestClass1 -->
    </test> <!-- Test -->
  </suite> <!-- Suite -->
</testng-results>
