<?xml version="1.0" encoding="UTF-8"?>
<!-- Generated by org.testng.reporters.JUnitXMLReporter -->
<testsuite ignored="0" hostname="LAPTOP-VL163G20" failures="0" tests="6" name="Test" time="64.806" errors="0" timestamp="2024-07-30T07:49:10 IST">
  <testcase classname="testNG.TestClass1" name="titleValidation" time="0.034"/>
  <testcase classname="testNG.TestClass1" name="urlValidation" time="0.058"/>
  <testcase classname="testNG.TestClass2" name="paymoduleValidation" time="6.804"/>
  <testcase classname="testNG.TestClass3" name="invalidLoginValidation" time="10.542"/>
  <testcase classname="testNG.TestClass2" name="wishlistValidation" time="8.142"/>
  <testcase classname="testNG.TestClass4" name="searchValidation" time="64.772"/>
</testsuite> <!-- Test -->
